/*C22*/SET SCHEMA PUBLIC
DELETE FROM CANDIDATE WHERE ID=15
INSERT INTO CANDIDATE VALUES(15,NULL,'Davin','Frowde','1984-03-06','96529753H','396-303-0612','wwilson@example.org',NULL,'React',NULL,NULL,22000,NULL,NULL,'porta volutpat erat quisque erat eros viverra eget congue eget semper',NULL)
COMMIT
/*C32*/SET SCHEMA PUBLIC
DELETE FROM CANDIDATE WHERE ID=0
COMMIT
DELETE FROM CANDIDATE WHERE ID=1
COMMIT
DELETE FROM CANDIDATE WHERE ID=2
COMMIT
DELETE FROM CANDIDATE WHERE ID=3
COMMIT
DELETE FROM CANDIDATE WHERE ID=4
COMMIT
DELETE FROM CANDIDATE WHERE ID=5
COMMIT
DELETE FROM CANDIDATE WHERE ID=6
COMMIT
DELETE FROM CANDIDATE WHERE ID=7
COMMIT
DELETE FROM CANDIDATE WHERE ID=8
COMMIT
DELETE FROM CANDIDATE WHERE ID=9
COMMIT
DELETE FROM CANDIDATE WHERE ID=10
COMMIT
DELETE FROM CANDIDATE WHERE ID=11
COMMIT
DELETE FROM CANDIDATE WHERE ID=12
COMMIT
DELETE FROM CANDIDATE WHERE ID=13
COMMIT
DELETE FROM CANDIDATE WHERE ID=14
COMMIT
DELETE FROM CANDIDATE WHERE ID=15
COMMIT
DELETE FROM CANDIDATE WHERE ID=16
COMMIT
/*C34*/SET SCHEMA PUBLIC
SET SCHEMA PUBLIC
SET SCHEMA PUBLIC
INSERT INTO CANDIDATE VALUES(17,NULL,'Nonnah','Baden','1994-12-24','71958681F','591-646-5605','nbaden0@plala.or.jp',NULL,'Erlang',NULL,NULL,NULL,NULL,NULL,NULL,NULL)
COMMIT
INSERT INTO CANDIDATE VALUES(18,NULL,'Claiborn','Shawell','1989-08-01','28224678K','909-780-3858','cshawell1@chron.com',NULL,'JavaFX',NULL,NULL,NULL,NULL,NULL,NULL,NULL)
COMMIT
INSERT INTO CANDIDATE VALUES(19,NULL,'Anne-marie','Frampton','1985-12-17','48230973L','466-225-8193','aframpton2@addtoany.com',NULL,'Matlab',NULL,NULL,NULL,NULL,NULL,NULL,NULL)
COMMIT
INSERT INTO CANDIDATE VALUES(20,NULL,'Aron','Wiseman','1981-09-08','75760366E','969-405-2922','awiseman3@google.com.br',NULL,'Compliance',NULL,NULL,NULL,NULL,NULL,NULL,NULL)
COMMIT
INSERT INTO CANDIDATE VALUES(21,NULL,'Hyatt','Faircley','1977-05-25','14709704P','375-972-2164','hfaircley4@sbwire.com',NULL,'Haskell',NULL,NULL,45000,NULL,NULL,'nulla pede ullamcorper augue a suscipit nulla elit ac nulla',NULL)
COMMIT
INSERT INTO CANDIDATE VALUES(22,NULL,'Daune','Woolham','1978-06-21','50472212T','675-891-2878','dwoolham5@stanford.edu',NULL,'React',NULL,NULL,NULL,NULL,NULL,NULL,NULL)
COMMIT
INSERT INTO CANDIDATE VALUES(23,NULL,'Kaila','Earwicker','1988-04-26','90445706T','642-759-7346','kearwicker6@sogou.com',NULL,'HTML5',NULL,NULL,23000,NULL,NULL,'ut ultrices vel augue vestibulum ante ipsum primis in faucibus',NULL)
COMMIT
INSERT INTO CANDIDATE VALUES(24,NULL,'Felisha','Rahl','1990-05-28','76140170G','712-914-9094','frahl7@ox.ac.uk',NULL,'Docker',NULL,NULL,NULL,NULL,NULL,NULL,NULL)
COMMIT
INSERT INTO CANDIDATE VALUES(25,NULL,'Charla','Note','1981-11-27','41685146S','284-789-0755','cnote8@cafepress.com',NULL,'MS Office',NULL,NULL,NULL,NULL,NULL,NULL,NULL)
COMMIT
INSERT INTO CANDIDATE VALUES(26,NULL,'Candie','Ibert','1978-09-24','00273718H','299-578-6249','cibert9@apple.com',NULL,'Taxation',NULL,NULL,NULL,NULL,NULL,NULL,NULL)
COMMIT
INSERT INTO CANDIDATE VALUES(27,NULL,'Kelcy','Lathleiffure','1991-04-19','73696168M','890-133-5541','klathleiffurea@miibeian.gov.cn',NULL,'Ruby',NULL,NULL,33500,NULL,NULL,'nulla sed accumsan felis ut at dolor quis odio consequat',NULL)
COMMIT
INSERT INTO CANDIDATE VALUES(28,NULL,'Kaleena','Jonk','1994-09-28','76619635B','956-957-8235','kjonkb@e-recht24.de',NULL,'Design',NULL,NULL,NULL,NULL,NULL,NULL,NULL)
COMMIT
INSERT INTO CANDIDATE VALUES(29,NULL,'Tami','Scorton','1977-09-25','12571372D','599-466-8570','tscortonc@photobucket.com',NULL,'Compliance',NULL,NULL,NULL,NULL,NULL,NULL,NULL)
COMMIT
INSERT INTO CANDIDATE VALUES(30,NULL,'Davin','Frowde','1984-03-06','96529753H','396-303-0612','dfrowded@webs.com',NULL,'React',NULL,NULL,22000,NULL,NULL,'porta volutpat erat quisque erat eros viverra eget congue eget semper',NULL)
COMMIT
INSERT INTO CANDIDATE VALUES(31,NULL,'Kial','Titlow','1980-05-06','27680562Q','591-499-8814','ktitlowe@telegraph.co.uk',NULL,'HTML5',NULL,NULL,NULL,NULL,NULL,NULL,NULL)
COMMIT
/*C32*/DELETE FROM CANDIDATE WHERE ID=17
COMMIT
DELETE FROM CANDIDATE WHERE ID=18
COMMIT
DELETE FROM CANDIDATE WHERE ID=19
COMMIT
DELETE FROM CANDIDATE WHERE ID=20
COMMIT
DELETE FROM CANDIDATE WHERE ID=21
COMMIT
DELETE FROM CANDIDATE WHERE ID=22
COMMIT
DELETE FROM CANDIDATE WHERE ID=23
COMMIT
DELETE FROM CANDIDATE WHERE ID=24
COMMIT
DELETE FROM CANDIDATE WHERE ID=25
COMMIT
DELETE FROM CANDIDATE WHERE ID=26
COMMIT
DELETE FROM CANDIDATE WHERE ID=27
COMMIT
DELETE FROM CANDIDATE WHERE ID=28
COMMIT
DELETE FROM CANDIDATE WHERE ID=29
COMMIT
DELETE FROM CANDIDATE WHERE ID=30
COMMIT
DELETE FROM CANDIDATE WHERE ID=31
COMMIT
/*C34*/DROP TABLE PUBLIC.PUBLIC.CANDIDATE
CREATE TABLE PUBLIC.PUBLIC.CANDIDATE (\u000d\u000a\u0009ID INTEGER NOT NULL IDENTITY,\u000d\u000a\u0009PHOTO VARBINARY(16777216),\u000d\u000a\u0009NAME VARCHAR(255),\u000d\u000a\u0009SURNAME VARCHAR(255),\u000d\u000a\u0009BIRTHDAY DATE,\u000d\u000a\u0009DNI VARCHAR(255),\u000d\u000a\u0009PHONE VARCHAR(255),\u000d\u000a\u0009EMAIL VARCHAR(255),\u000d\u000a\u0009EDUCATION INTEGER,\u000d\u000a\u0009SPECIALTIES VARCHAR(255),\u000d\u000a\u0009STATUS INTEGER,\u000d\u000a\u0009ORIGIN INTEGER,\u000d\u000a\u0009WAGE_LEVEL NUMERIC(128,0),\u000d\u000a\u0009EXPERIENCE_LEVEL INTEGER,\u000d\u000a\u0009PROFILE INTEGER,\u000d\u000a\u0009COMMENT VARCHAR(255),\u000d\u000a\u0009LINKEDIN VARCHAR(255),\u000d\u000a\u0009CONSTRAINT SYS_PK_10142 PRIMARY KEY (ID)\u000d\u000a)
CREATE UNIQUE INDEX SYS_IDX_SYS_PK_10142_10143 ON PUBLIC.PUBLIC.CANDIDATE (ID)
INSERT INTO CANDIDATE VALUES(0,NULL,'Nonnah','Baden','1994-12-24','71958681F','591-646-5605','nbaden0@plala.or.jp',NULL,'Erlang',NULL,NULL,NULL,NULL,NULL,NULL,NULL)
COMMIT
INSERT INTO CANDIDATE VALUES(1,NULL,'Claiborn','Shawell','1989-08-01','28224678K','909-780-3858','cshawell1@chron.com',NULL,'JavaFX',NULL,NULL,NULL,NULL,NULL,NULL,NULL)
COMMIT
INSERT INTO CANDIDATE VALUES(2,NULL,'Anne-marie','Frampton','1985-12-17','48230973L','466-225-8193','aframpton2@addtoany.com',NULL,'Matlab',NULL,NULL,NULL,NULL,NULL,NULL,NULL)
COMMIT
INSERT INTO CANDIDATE VALUES(3,NULL,'Aron','Wiseman','1981-09-08','75760366E','969-405-2922','awiseman3@google.com.br',NULL,'Compliance',NULL,NULL,NULL,NULL,NULL,NULL,NULL)
COMMIT
INSERT INTO CANDIDATE VALUES(4,NULL,'Hyatt','Faircley','1977-05-25','14709704P','375-972-2164','hfaircley4@sbwire.com',NULL,'Haskell',NULL,NULL,45000,NULL,NULL,'nulla pede ullamcorper augue a suscipit nulla elit ac nulla',NULL)
COMMIT
INSERT INTO CANDIDATE VALUES(5,NULL,'Daune','Woolham','1978-06-21','50472212T','675-891-2878','dwoolham5@stanford.edu',NULL,'React',NULL,NULL,NULL,NULL,NULL,NULL,NULL)
COMMIT
INSERT INTO CANDIDATE VALUES(6,NULL,'Kaila','Earwicker','1988-04-26','90445706T','642-759-7346','kearwicker6@sogou.com',NULL,'HTML5',NULL,NULL,23000,NULL,NULL,'ut ultrices vel augue vestibulum ante ipsum primis in faucibus',NULL)
COMMIT
INSERT INTO CANDIDATE VALUES(7,NULL,'Felisha','Rahl','1990-05-28','76140170G','712-914-9094','frahl7@ox.ac.uk',NULL,'Docker',NULL,NULL,NULL,NULL,NULL,NULL,NULL)
COMMIT
INSERT INTO CANDIDATE VALUES(8,NULL,'Charla','Note','1981-11-27','41685146S','284-789-0755','cnote8@cafepress.com',NULL,'MS Office',NULL,NULL,NULL,NULL,NULL,NULL,NULL)
COMMIT
INSERT INTO CANDIDATE VALUES(9,NULL,'Candie','Ibert','1978-09-24','00273718H','299-578-6249','cibert9@apple.com',NULL,'Taxation',NULL,NULL,NULL,NULL,NULL,NULL,NULL)
COMMIT
INSERT INTO CANDIDATE VALUES(10,NULL,'Kelcy','Lathleiffure','1991-04-19','73696168M','890-133-5541','klathleiffurea@miibeian.gov.cn',NULL,'Ruby',NULL,NULL,33500,NULL,NULL,'nulla sed accumsan felis ut at dolor quis odio consequat',NULL)
COMMIT
INSERT INTO CANDIDATE VALUES(11,NULL,'Kaleena','Jonk','1994-09-28','76619635B','956-957-8235','kjonkb@e-recht24.de',NULL,'Design',NULL,NULL,NULL,NULL,NULL,NULL,NULL)
COMMIT
INSERT INTO CANDIDATE VALUES(12,NULL,'Tami','Scorton','1977-09-25','12571372D','599-466-8570','tscortonc@photobucket.com',NULL,'Compliance',NULL,NULL,NULL,NULL,NULL,NULL,NULL)
COMMIT
INSERT INTO CANDIDATE VALUES(13,NULL,'Davin','Frowde','1984-03-06','96529753H','396-303-0612','dfrowded@webs.com',NULL,'React',NULL,NULL,22000,NULL,NULL,'porta volutpat erat quisque erat eros viverra eget congue eget semper',NULL)
COMMIT
INSERT INTO CANDIDATE VALUES(14,NULL,'Kial','Titlow','1980-05-06','27680562Q','591-499-8814','ktitlowe@telegraph.co.uk',NULL,'HTML5',NULL,NULL,NULL,NULL,NULL,NULL,NULL)
COMMIT
/*C28*/SET SCHEMA PUBLIC
DISCONNECT
/*C29*/SET SCHEMA PUBLIC
DISCONNECT
/*C25*/SET SCHEMA PUBLIC
DISCONNECT
/*C30*/SET SCHEMA PUBLIC
DISCONNECT
/*C27*/SET SCHEMA PUBLIC
DISCONNECT
/*C24*/SET SCHEMA PUBLIC
DISCONNECT
/*C22*/DISCONNECT
/*C31*/SET SCHEMA PUBLIC
DISCONNECT
/*C23*/SET SCHEMA PUBLIC
DISCONNECT
/*C26*/SET SCHEMA PUBLIC
DISCONNECT
/*C35*/SET SCHEMA PUBLIC
INSERT INTO CANDIDATE VALUES(15,NULL,'William','Wilson','1994-12-24','88643946Z','555-444-8888','wwiilsoon@example.org',NULL,'C#',NULL,NULL,NULL,NULL,NULL,NULL,NULL)
COMMIT
INSERT INTO CANDIDATE VALUES(16,NULL,'William','Wilson','1994-12-24','88643946Z','555-444-8888','wwiilsoon@example.org',NULL,'C#',NULL,NULL,NULL,NULL,NULL,NULL,NULL)
COMMIT
DELETE FROM CANDIDATE WHERE ID=15
INSERT INTO CANDIDATE VALUES(15,NULL,'William','Wilson','1994-12-24','88643946Z','555-444-8888','wwilson@example.org',NULL,'C#',NULL,NULL,NULL,NULL,NULL,NULL,NULL)
COMMIT
DELETE FROM CANDIDATE WHERE ID=15
INSERT INTO CANDIDATE VALUES(15,NULL,'William','Wilson','1994-12-24','88643946Z','555-444-8888','wwAAAAAAilson@example.org',NULL,'C#',NULL,NULL,NULL,NULL,NULL,NULL,NULL)
COMMIT
DELETE FROM CANDIDATE WHERE ID=15
COMMIT
DISCONNECT
/*C36*/SET SCHEMA PUBLIC
DISCONNECT
/*C37*/SET SCHEMA PUBLIC
DISCONNECT
/*C38*/SET SCHEMA PUBLIC
DISCONNECT
/*C39*/SET SCHEMA PUBLIC
DISCONNECT
/*C40*/SET SCHEMA PUBLIC
DISCONNECT
/*C41*/SET SCHEMA PUBLIC
DISCONNECT
/*C42*/SET SCHEMA PUBLIC
DISCONNECT
/*C43*/SET SCHEMA PUBLIC
DISCONNECT
/*C44*/SET SCHEMA PUBLIC
DISCONNECT
/*C34*/CREATE TABLE EDUCATION (ID INTEGER IDENTITY PRIMARY KEY NOT NULL, DESCRIPTION NVARCHAR(255) NOT NULL)
CREATE TABLE STATUS(ID INTEGER IDENTITY PRIMARY KEY NOT NULL, DESCRIPTION NVARCHAR(255) NOT NULL)
CREATE TABLE ORIGIN (ID INTEGER IDENTITY PRIMARY KEY NOT NULL, DESCRIPTION NVARCHAR(255) NOT NULL)
CREATE TABLE EXPERIENCE_LEVEL (ID INTEGER IDENTITY PRIMARY KEY NOT NULL, DESCRIPTION NVARCHAR(255) NOT NULL)
CREATE TABLE PROFILE (ID INTEGER IDENTITY PRIMARY KEY NOT NULL, DESCRIPTION NVARCHAR(255) NOT NULL)
ALTER TABLE CANDIDATE ADD CONSTRAINT CANDIDATE_FK_EDUCATION FOREIGN KEY (EDUCATION) REFERENCES EDUCATION(ID)
ALTER TABLE CANDIDATE ADD CONSTRAINT CANDIDATE_FK_STATUS FOREIGN KEY (STATUS) REFERENCES STATUS(ID)
ALTER TABLE CANDIDATE ADD CONSTRAINT CANDIDATE_FK_ORIGIN FOREIGN KEY (ORIGIN) REFERENCES ORIGIN(ID)
ALTER TABLE CANDIDATE ADD CONSTRAINT CANDIDATE_FK_EXPERIENCE_LEVEL FOREIGN KEY (EXPERIENCE_LEVEL) REFERENCES EXPERIENCE_LEVEL(ID)
ALTER TABLE CANDIDATE ADD CONSTRAINT CANDIDATE_FK_PROFILE FOREIGN KEY (PROFILE) REFERENCES PROFILE(ID)
INSERT INTO EDUCATION VALUES(0,'Degree in Computer Science')
COMMIT
INSERT INTO STATUS VALUES(0,'Available')
COMMIT
INSERT INTO ORIGIN VALUES(0,'Recruiter')
COMMIT
INSERT INTO EXPERIENCE_LEVEL VALUES(0,'Junior')
COMMIT
INSERT INTO PROFILE VALUES(0,'Technician')
COMMIT
/*C53*/SET SCHEMA PUBLIC
DISCONNECT
/*C45*/SET SCHEMA PUBLIC
DISCONNECT
/*C54*/SET SCHEMA PUBLIC
DISCONNECT
/*C47*/SET SCHEMA PUBLIC
DISCONNECT
/*C49*/SET SCHEMA PUBLIC
DISCONNECT
/*C51*/SET SCHEMA PUBLIC
DISCONNECT
/*C52*/SET SCHEMA PUBLIC
DISCONNECT
/*C48*/SET SCHEMA PUBLIC
DISCONNECT
/*C46*/SET SCHEMA PUBLIC
DISCONNECT
/*C50*/SET SCHEMA PUBLIC
DISCONNECT
/*C55*/SET SCHEMA PUBLIC
DISCONNECT
/*C56*/SET SCHEMA PUBLIC
DISCONNECT
/*C57*/SET SCHEMA PUBLIC
DISCONNECT
/*C58*/SET SCHEMA PUBLIC
DISCONNECT
/*C59*/SET SCHEMA PUBLIC
DISCONNECT
/*C60*/SET SCHEMA PUBLIC
DISCONNECT
/*C61*/SET SCHEMA PUBLIC
DISCONNECT
/*C62*/SET SCHEMA PUBLIC
DISCONNECT
/*C63*/SET SCHEMA PUBLIC
DISCONNECT
/*C64*/SET SCHEMA PUBLIC
DISCONNECT
/*C74*/SET SCHEMA PUBLIC
DISCONNECT
/*C69*/SET SCHEMA PUBLIC
DISCONNECT
/*C67*/SET SCHEMA PUBLIC
DISCONNECT
/*C73*/SET SCHEMA PUBLIC
DISCONNECT
/*C68*/SET SCHEMA PUBLIC
DISCONNECT
/*C66*/SET SCHEMA PUBLIC
DISCONNECT
/*C71*/SET SCHEMA PUBLIC
DISCONNECT
/*C65*/SET SCHEMA PUBLIC
DISCONNECT
/*C70*/SET SCHEMA PUBLIC
DISCONNECT
/*C72*/SET SCHEMA PUBLIC
DISCONNECT
/*C75*/SET SCHEMA PUBLIC
DISCONNECT
/*C81*/SET SCHEMA PUBLIC
DISCONNECT
/*C80*/SET SCHEMA PUBLIC
DISCONNECT
/*C78*/SET SCHEMA PUBLIC
DISCONNECT
/*C76*/SET SCHEMA PUBLIC
DISCONNECT
/*C79*/SET SCHEMA PUBLIC
DISCONNECT
/*C77*/SET SCHEMA PUBLIC
DISCONNECT
/*C83*/SET SCHEMA PUBLIC
DISCONNECT
/*C82*/SET SCHEMA PUBLIC
DISCONNECT
/*C84*/SET SCHEMA PUBLIC
DISCONNECT
/*C86*/SET SCHEMA PUBLIC
DISCONNECT
/*C93*/SET SCHEMA PUBLIC
DISCONNECT
/*C85*/SET SCHEMA PUBLIC
DISCONNECT
/*C94*/SET SCHEMA PUBLIC
DISCONNECT
/*C89*/SET SCHEMA PUBLIC
DISCONNECT
/*C92*/SET SCHEMA PUBLIC
DISCONNECT
/*C88*/SET SCHEMA PUBLIC
DISCONNECT
/*C91*/SET SCHEMA PUBLIC
DISCONNECT
/*C87*/SET SCHEMA PUBLIC
DISCONNECT
/*C90*/SET SCHEMA PUBLIC
DISCONNECT
/*C96*/SET SCHEMA PUBLIC
DISCONNECT
/*C100*/SET SCHEMA PUBLIC
DISCONNECT
/*C102*/SET SCHEMA PUBLIC
DISCONNECT
/*C101*/SET SCHEMA PUBLIC
DISCONNECT
/*C95*/SET SCHEMA PUBLIC
DISCONNECT
/*C99*/SET SCHEMA PUBLIC
DISCONNECT
/*C97*/SET SCHEMA PUBLIC
DISCONNECT
/*C98*/SET SCHEMA PUBLIC
DISCONNECT
/*C104*/SET SCHEMA PUBLIC
DISCONNECT
/*C103*/SET SCHEMA PUBLIC
DISCONNECT
/*C34*/CREATE TABLE OFFER_STATUS (ID INTEGER PRIMARY KEY NOT NULL IDENTITY, DESCRIPTION VARCHAR(255) NOT NULL)
CREATE TABLE OFFER_CANDIDATE_STATUS (ID INTEGER PRIMARY KEY NOT NULL IDENTITY, DESCRIPTION VARCHAR(255) NOT NULL)
CREATE TABLE OFFER (ID INTEGER PRIMARY KEY  NOT NULL IDENTITY, ACRONYM VARCHAR(255), DESCRIPTION VARCHAR(1000), APPLICANT VARCHAR(255), OFFER_STATUS INTEGER, CREATION_DATE DATE, START_DATE DATE, END_DATE DATE)
CREATE TABLE OFFER_CANDIDATES (ID INTEGER PRIMARY KEY NOT NULL IDENTITY, OFFER_ID INTEGER NOT NULL, CANDIDATE_ID INTEGER NOT NULL, OFFER_CANDIDATE_STATUS INTEGER)
ALTER TABLE OFFER ADD CONSTRAINT OFFER_FK_OFFER_STATUS FOREIGN KEY (OFFER_STATUS) REFERENCES OFFER_STATUS(ID)
ALTER TABLE OFFER_CANDIDATES ADD CONSTRAINT OFFER_CANDIDATES_FK_CANDIDATES FOREIGN KEY (CANDIDATE_ID) REFERENCES CANDIDATE(ID)
ALTER TABLE OFFER_CANDIDATES ADD CONSTRAINT OFFER_CANDIDATES_FK_OFFER FOREIGN KEY (OFFER_ID) REFERENCES OFFER(ID)
ALTER TABLE OFFER_CANDIDATES ADD CONSTRAINT OFFER_CANDIDATES_FK_OFFER_CANDIDATES_STATUS FOREIGN KEY (OFFER_CANDIDATE_STATUS) REFERENCES OFFER_CANDIDATE_STATUS(ID)
INSERT INTO OFFER_STATUS VALUES(0,'PENDING')
COMMIT
INSERT INTO OFFER_CANDIDATE_STATUS VALUES(0,'INTERVIEW')
COMMIT
INSERT INTO OFFER VALUES(0,'Digital Twin','Two new Java developers should be incorporated. The salary range is between 20k\u20ac and 30k\u20ac. The location is in Vigo full time.','Janna Tirte',0,'2020-01-01','2020-02-07',NULL)
COMMIT
INSERT INTO OFFER VALUES(1,'Exotic language programmer','We are looking for a talented Programmer to create secure and functional code.\u000d\u000aYou may have to provide quality coding solutions both for simple applications and complex information or operating systems.\u000d\u000aThe ideal candidate will have a passion for technology and software building.\u000d\u000aAttention to detail and an analytical mind are essential qualities for a successful career in programming.','Richard Stallman',0,'2019-12-01','2019-12-15',NULL)
COMMIT
INSERT INTO OFFER VALUES(2,'HR Manager','We are looking for an experienced leader for our project management office focused on Project Management activities within our service delivery center to join our team in our Atlanta office. This role is integral to achieve accurate project management and process standardization throughout the organization. The major priority for the successful candidate will be to lead a team of project managers across a large portfolio of projects. Projects range from small enhancements, large-scale technology implementations, and daily operational activities.','Harry May',0,'2020-01-01','2020-01-07',NULL)
COMMIT
INSERT INTO OFFER VALUES(3,'Software developer','Works under the direction and supervision of application managers and project managers to help build the next generation of global financial data systems to support the client\u2019s front office, middle office processes and back-office risk, finance, compliance reporting, regulatory reporting, and capital markets and banking needs.','Tanya Howard',0,'2020-01-01','2020-01-02',NULL)
COMMIT
INSERT INTO OFFER VALUES(4,'UI developer','The ideal candidate will be responsible for developing user interfaces and controls that achieve maximum usability for our enterprise application and our customers.','Francis Harris',0,'2019-12-01','2019-12-24',NULL)
COMMIT
INSERT INTO OFFER VALUES(5,'Entry level management','With the addition of various new clients requesting that we expand our services to new markets, we have an urgent need for a passionate individual that we can train, support, and groom to accept a role as a Manager within our firm.\u000d\u000a\u000d\u000aTo ensure your success, we offer training that encompasses all facets of our business operations. You\u2019ll experience hands on training provided by seasoned professionals in each department, primarily:\u000d\u000a\u000d\u000aPromotional Marketing\u000d\u000aCustomer Service\u000d\u000aConsumer Relations\u000d\u000aBusiness Administration\u000d\u000aRecruiting and Talent Acquisition','Joy Boyd',0,'2019-11-01','2019-11-06',NULL)
COMMIT
INSERT INTO OFFER VALUES(6,'PHP developer','Responsible for all requests for data processing services including, preparation of specifications, development and maintenance of computer programs, job control language and operational documentation. Assists productions systems group. Interfaces with other departments to determine user needs.','Rebecca Bowman',0,'2020-01-01','2020-01-06',NULL)
COMMIT
INSERT INTO OFFER VALUES(7,'Security engineer','This position is open within the Security Engineering teams, which has full end-to-end ownership of security tools that allows for strong security prevention, detection and response capabilities. Our mission is to ensure cyber infrastructure is in line with industry standards by performing day-to-day system administration, product selection for new tools, deployment, configuration, maintenance, and support and license management.','Harry Gardner',0,'2020-01-01','2020-01-16',NULL)
COMMIT
INSERT INTO OFFER VALUES(8,'Project Manager','Performs a variety of duties associated with the development and production of the aircraft maintenance manuals, wiring diagram manuals and other associated documents. Utilize an automated publishing system to download, import, and distribute manual data.Individual will incorporate vendor revisions and Delta engineering documents into a Delta customized manual and coordinate the publishing of the same. Additional responsibilities may include continuous improvement of revision processes, training and point person for data issues. The Project Leader may also be responsible for review and distribution of Aircraft Maintenance Alerts (AMAs), company policy & procedures, bulletins, vendor access, and other technical information.','Erika Torres',0,'2020-01-01','2020-01-15',NULL)
COMMIT
INSERT INTO OFFER VALUES(9,'Istari support','Will provide administrative and logistical support to members of the executive team and may support other as needed. Must display professionalism and a strong work ethic while fostering a work environment that is positive, optimistic and collaborative. Position requires excellent administrative, communication, organizational and time management skills paired with flexibility, integrity and the ability to work independently. Must have Balrog fighting proficiency.','Eru I\u00favatar',0,'2020-01-01','2020-01-06',NULL)
COMMIT
INSERT INTO OFFER_CANDIDATES VALUES(0,0,0,0)
COMMIT
INSERT INTO OFFER_CANDIDATES VALUES(1,0,3,0)
COMMIT
INSERT INTO OFFER_CANDIDATES VALUES(2,0,8,0)
COMMIT
INSERT INTO OFFER_CANDIDATES VALUES(3,0,12,0)
COMMIT
/*C105*/SET SCHEMA PUBLIC
DISCONNECT
/*C107*/SET SCHEMA PUBLIC
DISCONNECT
/*C108*/SET SCHEMA PUBLIC
DISCONNECT
/*C106*/SET SCHEMA PUBLIC
DISCONNECT
/*C112*/SET SCHEMA PUBLIC
DISCONNECT
/*C109*/SET SCHEMA PUBLIC
DISCONNECT
/*C110*/SET SCHEMA PUBLIC
DISCONNECT
/*C111*/SET SCHEMA PUBLIC
DISCONNECT
/*C113*/SET SCHEMA PUBLIC
DISCONNECT
/*C114*/SET SCHEMA PUBLIC
DISCONNECT
/*C115*/SET SCHEMA PUBLIC
INSERT INTO CANDIDATE VALUES(17,NULL,'William','Wilson','1994-12-24','88643946Z','555-444-8888','wwiilsoon@example.org',NULL,'C#',NULL,NULL,NULL,NULL,NULL,NULL,NULL)
COMMIT
INSERT INTO EDUCATION VALUES(1,'Degree in TSE')
COMMIT
DISCONNECT
/*C116*/SET SCHEMA PUBLIC
DISCONNECT
/*C117*/SET SCHEMA PUBLIC
DISCONNECT
/*C118*/SET SCHEMA PUBLIC
DISCONNECT
/*C119*/SET SCHEMA PUBLIC
DISCONNECT
/*C120*/SET SCHEMA PUBLIC
DISCONNECT
/*C121*/SET SCHEMA PUBLIC
DISCONNECT
/*C122*/SET SCHEMA PUBLIC
DISCONNECT
/*C123*/SET SCHEMA PUBLIC
DISCONNECT
/*C124*/SET SCHEMA PUBLIC
DISCONNECT
/*C127*/SET SCHEMA PUBLIC
DISCONNECT
/*C130*/SET SCHEMA PUBLIC
DISCONNECT
/*C129*/SET SCHEMA PUBLIC
DISCONNECT
/*C126*/SET SCHEMA PUBLIC
DISCONNECT
/*C134*/SET SCHEMA PUBLIC
DISCONNECT
/*C131*/SET SCHEMA PUBLIC
DISCONNECT
/*C133*/SET SCHEMA PUBLIC
DISCONNECT
/*C132*/SET SCHEMA PUBLIC
DISCONNECT
/*C128*/SET SCHEMA PUBLIC
DISCONNECT
/*C125*/SET SCHEMA PUBLIC
DISCONNECT
/*C137*/SET SCHEMA PUBLIC
DISCONNECT
/*C136*/SET SCHEMA PUBLIC
DISCONNECT
/*C138*/SET SCHEMA PUBLIC
DISCONNECT
/*C135*/SET SCHEMA PUBLIC
DISCONNECT
/*C139*/SET SCHEMA PUBLIC
DISCONNECT
/*C140*/SET SCHEMA PUBLIC
DISCONNECT
/*C141*/SET SCHEMA PUBLIC
DISCONNECT
/*C142*/SET SCHEMA PUBLIC
DISCONNECT
/*C143*/SET SCHEMA PUBLIC
DISCONNECT
/*C144*/SET SCHEMA PUBLIC
DISCONNECT
/*C145*/SET SCHEMA PUBLIC
DISCONNECT
/*C146*/SET SCHEMA PUBLIC
DISCONNECT
/*C147*/SET SCHEMA PUBLIC
DISCONNECT
